
> vibe-generated-app@1.0.0 dev
> vite


  VITE v5.4.20  ready in 202 ms

  ➜  Local:   http://localhost:3000/
  ➜  Network: http://172.20.9.216:3000/
6:00:27 PM [vite] Pre-transform error: Transform failed with 1 error:
/home/workspace/src/App.jsx:103:141: ERROR: Expected ">" but found "+"
6:00:28 PM [vite] Internal server error: Transform failed with 1 error:
/home/workspace/src/App.jsx:103:141: ERROR: Expected ">" but found "+"
  Plugin: vite:esbuild
  File: /home/workspace/src/App.jsx:103:141
  
  Expected ">" but found "+"
  101|                        ].map((s, i) => (
  102|                          <div key={s.step} className="relative pl-16 pb-6">
  103|                            <div className="absolute left-0 top-0 h-10 w-10 grid place-items-center rounded-xl text-white font-bold shadow-lg "+
     |                                                                                                                                               ^
  104|                              (i === 0 ? 'bg-gradient-to-br from-fuchsia-500 to-purple-600' : i === 1 ? 'bg-gradient-to-br from-purple-600 to-indigo-600' : 'bg-gradient-to-br from-indigo-600 to-blue-600')
  105|                            }>
  
      at failureErrorWithLog (/home/workspace/node_modules/esbuild/lib/main.js:1472:15)
      at /home/workspace/node_modules/esbuild/lib/main.js:755:50
      at responseCallbacks.<computed> (/home/workspace/node_modules/esbuild/lib/main.js:622:9)
      at handleIncomingPacket (/home/workspace/node_modules/esbuild/lib/main.js:677:12)
      at Socket.readFromStdout (/home/workspace/node_modules/esbuild/lib/main.js:600:7)
      at Socket.emit (node:events:508:28)
      at addChunk (node:internal/streams/readable:559:12)
      at readableAddChunkPushByteMode (node:internal/streams/readable:510:3)
      at Readable.push (node:internal/streams/readable:390:5)
      at Pipe.onStreamRead (node:internal/stream_base_commons:189:23)
6:00:33 PM [vite] Internal server error: Transform failed with 1 error:
/home/workspace/src/App.jsx:103:141: ERROR: Expected ">" but found "+"
  Plugin: vite:esbuild
  File: /home/workspace/src/App.jsx:103:141
  
  Expected ">" but found "+"
  101|                        ].map((s, i) => (
  102|                          <div key={s.step} className="relative pl-16 pb-6">
  103|                            <div className="absolute left-0 top-0 h-10 w-10 grid place-items-center rounded-xl text-white font-bold shadow-lg "+
     |                                                                                                                                               ^
  104|                              (i === 0 ? 'bg-gradient-to-br from-fuchsia-500 to-purple-600' : i === 1 ? 'bg-gradient-to-br from-purple-600 to-indigo-600' : 'bg-gradient-to-br from-indigo-600 to-blue-600')
  105|                            }>
  
      at failureErrorWithLog (/home/workspace/node_modules/esbuild/lib/main.js:1472:15)
      at /home/workspace/node_modules/esbuild/lib/main.js:755:50
      at responseCallbacks.<computed> (/home/workspace/node_modules/esbuild/lib/main.js:622:9)
      at handleIncomingPacket (/home/workspace/node_modules/esbuild/lib/main.js:677:12)
      at Socket.readFromStdout (/home/workspace/node_modules/esbuild/lib/main.js:600:7)
      at Socket.emit (node:events:508:28)
      at addChunk (node:internal/streams/readable:559:12)
      at readableAddChunkPushByteMode (node:internal/streams/readable:510:3)
      at Readable.push (node:internal/streams/readable:390:5)
      at Pipe.onStreamRead (node:internal/stream_base_commons:189:23)
